  [1m[35m (343.7ms)[0m  [1m[35mCREATE DATABASE "Todo_App_development" ENCODING = 'unicode'[0m
  ↳ bin/rails:9
  [1m[35m (76.5ms)[0m  [1m[35mCREATE DATABASE "Todo_App_test" ENCODING = 'unicode'[0m
  ↳ bin/rails:9
  [1m[35m (35.7ms)[0m  [1m[35mCREATE TABLE "schema_migrations" ("version" character varying NOT NULL PRIMARY KEY)[0m
  ↳ bin/rails:9
  [1m[35m (6.2ms)[0m  [1m[35mCREATE TABLE "ar_internal_metadata" ("key" character varying NOT NULL PRIMARY KEY, "value" character varying, "created_at" timestamp NOT NULL, "updated_at" timestamp NOT NULL)[0m
  ↳ bin/rails:9
  [1m[35m (1.7ms)[0m  [1m[34mSELECT pg_try_advisory_lock(3497838598813520325)[0m
  ↳ bin/rails:9
  [1m[35m (1.3ms)[0m  [1m[34mSELECT "schema_migrations"."version" FROM "schema_migrations" ORDER BY "schema_migrations"."version" ASC[0m
  ↳ bin/rails:9
Migrating to CreateTodo (20200716185158)
  [1m[35m (0.5ms)[0m  [1m[35mBEGIN[0m
  ↳ bin/rails:9
  [1m[35m (9.7ms)[0m  [1m[35mCREATE TABLE "todos" ("id" bigserial primary key, "title" character varying NOT NULL, "body" character varying NOT NULL, "done" boolean NOT NULL, "created_at" timestamp NOT NULL, "updated_at" timestamp NOT NULL)[0m
  ↳ db/migrate/20200716185158_create_todo.rb:3
  [1m[36mActiveRecord::SchemaMigration Create (1.2ms)[0m  [1m[32mINSERT INTO "schema_migrations" ("version") VALUES ($1) RETURNING "version"[0m  [["version", "20200716185158"]]
  ↳ bin/rails:9
  [1m[35m (0.7ms)[0m  [1m[35mCOMMIT[0m
  ↳ bin/rails:9
  [1m[36mActiveRecord::InternalMetadata Load (0.9ms)[0m  [1m[34mSELECT  "ar_internal_metadata".* FROM "ar_internal_metadata" WHERE "ar_internal_metadata"."key" = $1 LIMIT $2[0m  [["key", "environment"], ["LIMIT", 1]]
  ↳ bin/rails:9
  [1m[35m (0.2ms)[0m  [1m[35mBEGIN[0m
  ↳ bin/rails:9
  [1m[36mActiveRecord::InternalMetadata Create (1.6ms)[0m  [1m[32mINSERT INTO "ar_internal_metadata" ("key", "value", "created_at", "updated_at") VALUES ($1, $2, $3, $4) RETURNING "key"[0m  [["key", "environment"], ["value", "development"], ["created_at", "2020-07-16 19:03:35.134607"], ["updated_at", "2020-07-16 19:03:35.134607"]]
  ↳ bin/rails:9
  [1m[35m (0.5ms)[0m  [1m[35mCOMMIT[0m
  ↳ bin/rails:9
  [1m[35m (0.2ms)[0m  [1m[34mSELECT pg_advisory_unlock(3497838598813520325)[0m
  ↳ bin/rails:9
  [1m[35m (0.9ms)[0m  [1m[34mSELECT "schema_migrations"."version" FROM "schema_migrations" ORDER BY "schema_migrations"."version" ASC[0m
  ↳ bin/rails:9
  [1m[36mTodo Load (1.3ms)[0m  [1m[34mSELECT "todos".* FROM "todos"[0m
  [1m[35m (0.3ms)[0m  [1m[35mBEGIN[0m
  [1m[36mTodo Create (2.9ms)[0m  [1m[32mINSERT INTO "todos" ("title", "body", "done", "created_at", "updated_at") VALUES ($1, $2, $3, $4, $5) RETURNING "id"[0m  [["title", "test"], ["body", "test body"], ["done", false], ["created_at", "2020-07-16 19:08:41.492833"], ["updated_at", "2020-07-16 19:08:41.492833"]]
  [1m[35m (5.6ms)[0m  [1m[35mCOMMIT[0m
  [1m[36mTodo Load (2.5ms)[0m  [1m[34mSELECT "todos".* FROM "todos"[0m
Started GET "/" for ::1 at 2020-07-16 14:29:05 -0500
  [1m[35m (0.8ms)[0m  [1m[34mSELECT "schema_migrations"."version" FROM "schema_migrations" ORDER BY "schema_migrations"."version" ASC[0m
  ↳ /Users/fedhiigobena/.rbenv/versions/2.5.1/lib/ruby/gems/2.5.0/gems/activerecord-5.2.4.3/lib/active_record/log_subscriber.rb:98
Processing by StaticPagesController#root as HTML
Completed 406 Not Acceptable in 124ms (ActiveRecord: 0.0ms)



ActionController::UnknownFormat - StaticPagesController#root is missing a template for this request format and variant.

request.formats: ["text/html"]
request.variant: []

NOTE! For XHR/Ajax or API requests, this action would normally respond with 204 No Content: an empty white screen. Since you're loading it in a web browser, we assume that you expected to actually render a template, not nothing, so we're showing an error to be extra-clear. If you expect 204 No Content, carry on. That's what you'll get from an XHR or API request. Give it a shot.:

Started POST "/__better_errors/d2a82ff98a44fd2c/variables" for ::1 at 2020-07-16 14:29:06 -0500
Started GET "/" for ::1 at 2020-07-16 14:30:07 -0500
Processing by StaticPagesController#root as HTML
  Rendering static_pages/root.html.erb within layouts/application
  Rendered static_pages/root.html.erb within layouts/application (1.6ms)
Completed 200 OK in 270ms (Views: 265.9ms | ActiveRecord: 0.0ms)


Started GET "/" for ::1 at 2020-07-16 14:37:52 -0500
Processing by StaticPagesController#root as HTML
  Rendering static_pages/root.html.erb within layouts/application
  Rendered static_pages/root.html.erb within layouts/application (1.4ms)
Completed 200 OK in 99ms (Views: 92.9ms | ActiveRecord: 0.0ms)


Started GET "/" for ::1 at 2020-07-16 14:57:30 -0500
Processing by StaticPagesController#root as HTML
  Rendering static_pages/root.html.erb within layouts/application
  Rendered static_pages/root.html.erb within layouts/application (1.5ms)
Completed 200 OK in 59ms (Views: 53.7ms | ActiveRecord: 0.0ms)


Started GET "/" for ::1 at 2020-07-16 18:01:15 -0500
Processing by StaticPagesController#root as HTML
  Rendering static_pages/root.html.erb within layouts/application
  Rendered static_pages/root.html.erb within layouts/application (6.5ms)
Completed 200 OK in 320ms (Views: 295.1ms | ActiveRecord: 0.0ms)


  [1m[35m (1.4ms)[0m  [1m[34mSELECT pg_try_advisory_lock(3497838598813520325)[0m
  ↳ bin/rails:9
  [1m[35m (1.4ms)[0m  [1m[34mSELECT "schema_migrations"."version" FROM "schema_migrations" ORDER BY "schema_migrations"."version" ASC[0m
  ↳ bin/rails:9
Migrating to CreateSteps (20200716230327)
  [1m[35m (1.2ms)[0m  [1m[35mBEGIN[0m
  ↳ bin/rails:9
  [1m[35m (77.6ms)[0m  [1m[35mCREATE TABLE "steps" ("id" bigserial primary key, "title" character varying, "body" character varying, "todo_id" integer, "done" boolean, "created_at" timestamp NOT NULL, "updated_at" timestamp NOT NULL)[0m
  ↳ db/migrate/20200716230327_create_steps.rb:3
  [1m[36mActiveRecord::SchemaMigration Create (6.7ms)[0m  [1m[32mINSERT INTO "schema_migrations" ("version") VALUES ($1) RETURNING "version"[0m  [["version", "20200716230327"]]
  ↳ bin/rails:9
  [1m[35m (1.3ms)[0m  [1m[35mCOMMIT[0m
  ↳ bin/rails:9
  [1m[36mActiveRecord::InternalMetadata Load (2.1ms)[0m  [1m[34mSELECT  "ar_internal_metadata".* FROM "ar_internal_metadata" WHERE "ar_internal_metadata"."key" = $1 LIMIT $2[0m  [["key", "environment"], ["LIMIT", 1]]
  ↳ bin/rails:9
  [1m[35m (0.1ms)[0m  [1m[35mBEGIN[0m
  ↳ bin/rails:9
  [1m[35m (0.1ms)[0m  [1m[35mCOMMIT[0m
  ↳ bin/rails:9
  [1m[35m (0.2ms)[0m  [1m[34mSELECT pg_advisory_unlock(3497838598813520325)[0m
  ↳ bin/rails:9
  [1m[35m (0.2ms)[0m  [1m[34mSELECT "schema_migrations"."version" FROM "schema_migrations" ORDER BY "schema_migrations"."version" ASC[0m
  ↳ bin/rails:9
  [1m[35m (6.0ms)[0m  [1m[34mSELECT pg_try_advisory_lock(3497838598813520325)[0m
  ↳ bin/rails:9
  [1m[35m (6.5ms)[0m  [1m[34mSELECT "schema_migrations"."version" FROM "schema_migrations" ORDER BY "schema_migrations"."version" ASC[0m
  ↳ bin/rails:9
Migrating to CreateTaggings (20200717163226)
  [1m[35m (0.9ms)[0m  [1m[35mBEGIN[0m
  ↳ bin/rails:9
  [1m[35m (144.8ms)[0m  [1m[35mCREATE TABLE "taggings" ("id" bigserial primary key, "todo_id" integer NOT NULL, "tag_id" integer NOT NULL, "created_at" timestamp NOT NULL, "updated_at" timestamp NOT NULL)[0m
  ↳ db/migrate/20200717163226_create_taggings.rb:3
  [1m[35m (1.6ms)[0m  [1m[35mCREATE  INDEX  "index_taggings_on_todo_id" ON "taggings"  ("todo_id")[0m
  ↳ db/migrate/20200717163226_create_taggings.rb:10
  [1m[35m (1.5ms)[0m  [1m[35mCREATE  INDEX  "index_taggings_on_tag_id" ON "taggings"  ("tag_id")[0m
  ↳ db/migrate/20200717163226_create_taggings.rb:11
  [1m[36mActiveRecord::SchemaMigration Create (0.8ms)[0m  [1m[32mINSERT INTO "schema_migrations" ("version") VALUES ($1) RETURNING "version"[0m  [["version", "20200717163226"]]
  ↳ bin/rails:9
  [1m[35m (0.8ms)[0m  [1m[35mCOMMIT[0m
  ↳ bin/rails:9
Migrating to CreateTags (20200717163536)
  [1m[35m (0.3ms)[0m  [1m[35mBEGIN[0m
  ↳ bin/rails:9
  [1m[35m (5.6ms)[0m  [1m[35mCREATE TABLE "tags" ("id" bigserial primary key, "name" character varying NOT NULL, "created_at" timestamp NOT NULL, "updated_at" timestamp NOT NULL)[0m
  ↳ db/migrate/20200717163536_create_tags.rb:3
  [1m[36mActiveRecord::SchemaMigration Create (0.5ms)[0m  [1m[32mINSERT INTO "schema_migrations" ("version") VALUES ($1) RETURNING "version"[0m  [["version", "20200717163536"]]
  ↳ bin/rails:9
  [1m[35m (0.5ms)[0m  [1m[35mCOMMIT[0m
  ↳ bin/rails:9
  [1m[36mActiveRecord::InternalMetadata Load (2.2ms)[0m  [1m[34mSELECT  "ar_internal_metadata".* FROM "ar_internal_metadata" WHERE "ar_internal_metadata"."key" = $1 LIMIT $2[0m  [["key", "environment"], ["LIMIT", 1]]
  ↳ bin/rails:9
  [1m[35m (0.3ms)[0m  [1m[35mBEGIN[0m
  ↳ bin/rails:9
  [1m[35m (0.1ms)[0m  [1m[35mCOMMIT[0m
  ↳ bin/rails:9
  [1m[35m (0.2ms)[0m  [1m[34mSELECT pg_advisory_unlock(3497838598813520325)[0m
  ↳ bin/rails:9
  [1m[35m (0.4ms)[0m  [1m[34mSELECT "schema_migrations"."version" FROM "schema_migrations" ORDER BY "schema_migrations"."version" ASC[0m
  ↳ bin/rails:9
  [1m[35m (0.2ms)[0m  [1m[34mSELECT pg_try_advisory_lock(3497838598813520325)[0m
  ↳ bin/rails:9
  [1m[35m (0.9ms)[0m  [1m[34mSELECT "schema_migrations"."version" FROM "schema_migrations" ORDER BY "schema_migrations"."version" ASC[0m
  ↳ bin/rails:9
Migrating to CreateUsers (20200717171734)
  [1m[35m (0.2ms)[0m  [1m[35mBEGIN[0m
  ↳ bin/rails:9
  [1m[35m (12.4ms)[0m  [1m[35mCREATE TABLE "users" ("id" bigserial primary key, "username" character varying NOT NULL, "password_digest" character varying NOT NULL, "session_token" character varying NOT NULL, "created_at" timestamp NOT NULL, "updated_at" timestamp NOT NULL)[0m
  ↳ db/migrate/20200717171734_create_users.rb:3
  [1m[35m (4.6ms)[0m  [1m[35mALTER TABLE "todos" ADD "user_id" integer[0m
  ↳ db/migrate/20200717171734_create_users.rb:11
  [1m[36mTodo Load (1.4ms)[0m  [1m[34mSELECT "todos".* FROM "todos"[0m
  ↳ db/migrate/20200717171734_create_users.rb:12
  [1m[36mTodo Update (4.7ms)[0m  [1m[33mUPDATE "todos" SET "user_id" = $1, "updated_at" = $2 WHERE "todos"."id" = $3[0m  [["user_id", 0], ["updated_at", "2020-07-17 17:20:53.710600"], ["id", 1]]
  ↳ db/migrate/20200717171734_create_users.rb:12
  [1m[35m (3.3ms)[0m  [1m[35mALTER TABLE "todos" ALTER COLUMN "user_id" TYPE integer, ALTER COLUMN "user_id" SET NOT NULL[0m
  ↳ db/migrate/20200717171734_create_users.rb:13
  [1m[35m (2.9ms)[0m  [1m[35mCREATE  INDEX  "index_todos_on_user_id" ON "todos"  ("user_id")[0m
  ↳ db/migrate/20200717171734_create_users.rb:14
  [1m[36mActiveRecord::SchemaMigration Create (0.4ms)[0m  [1m[32mINSERT INTO "schema_migrations" ("version") VALUES ($1) RETURNING "version"[0m  [["version", "20200717171734"]]
  ↳ bin/rails:9
  [1m[35m (2.3ms)[0m  [1m[35mCOMMIT[0m
  ↳ bin/rails:9
  [1m[36mActiveRecord::InternalMetadata Load (0.4ms)[0m  [1m[34mSELECT  "ar_internal_metadata".* FROM "ar_internal_metadata" WHERE "ar_internal_metadata"."key" = $1 LIMIT $2[0m  [["key", "environment"], ["LIMIT", 1]]
  ↳ bin/rails:9
  [1m[35m (0.1ms)[0m  [1m[35mBEGIN[0m
  ↳ bin/rails:9
  [1m[35m (0.1ms)[0m  [1m[35mCOMMIT[0m
  ↳ bin/rails:9
  [1m[35m (0.2ms)[0m  [1m[34mSELECT pg_advisory_unlock(3497838598813520325)[0m
  ↳ bin/rails:9
  [1m[35m (0.3ms)[0m  [1m[34mSELECT "schema_migrations"."version" FROM "schema_migrations" ORDER BY "schema_migrations"."version" ASC[0m
  ↳ bin/rails:9
Started GET "/" for ::1 at 2020-07-17 16:18:23 -0500
  [1m[35m (2.0ms)[0m  [1m[34mSELECT "schema_migrations"."version" FROM "schema_migrations" ORDER BY "schema_migrations"."version" ASC[0m
  ↳ /Users/fedhiigobena/.rbenv/versions/2.5.1/lib/ruby/gems/2.5.0/gems/activerecord-5.2.4.3/lib/active_record/log_subscriber.rb:98
Processing by StaticPagesController#root as HTML
  Rendering static_pages/root.html.erb within layouts/application
  Rendered static_pages/root.html.erb within layouts/application (8.1ms)
Completed 200 OK in 232ms (Views: 228.3ms | ActiveRecord: 0.0ms)


  [1m[35m (1.0ms)[0m  [1m[34mSELECT pg_try_advisory_lock(3497838598813520325)[0m
  ↳ bin/rails:9
  [1m[35m (0.7ms)[0m  [1m[34mSELECT "schema_migrations"."version" FROM "schema_migrations" ORDER BY "schema_migrations"."version" ASC[0m
  ↳ bin/rails:9
  [1m[36mActiveRecord::InternalMetadata Load (4.3ms)[0m  [1m[34mSELECT  "ar_internal_metadata".* FROM "ar_internal_metadata" WHERE "ar_internal_metadata"."key" = $1 LIMIT $2[0m  [["key", "environment"], ["LIMIT", 1]]
  ↳ bin/rails:9
  [1m[35m (0.8ms)[0m  [1m[35mBEGIN[0m
  ↳ bin/rails:9
  [1m[35m (0.2ms)[0m  [1m[35mCOMMIT[0m
  ↳ bin/rails:9
  [1m[35m (0.3ms)[0m  [1m[34mSELECT pg_advisory_unlock(3497838598813520325)[0m
  ↳ bin/rails:9
  [1m[35m (0.2ms)[0m  [1m[34mSELECT "schema_migrations"."version" FROM "schema_migrations" ORDER BY "schema_migrations"."version" ASC[0m
  ↳ bin/rails:9
Started GET "/" for ::1 at 2020-07-17 16:37:15 -0500
  [1m[35m (1.0ms)[0m  [1m[34mSELECT "schema_migrations"."version" FROM "schema_migrations" ORDER BY "schema_migrations"."version" ASC[0m
  ↳ /Users/fedhiigobena/.rbenv/versions/2.5.1/lib/ruby/gems/2.5.0/gems/activerecord-5.2.4.3/lib/active_record/log_subscriber.rb:98
Processing by StaticPagesController#root as HTML
  [1m[36mUser Load (1.5ms)[0m  [1m[34mSELECT  "users".* FROM "users" WHERE "users"."session_token" IS NULL LIMIT $1[0m  [["LIMIT", 1]]
  ↳ app/controllers/application_controller.rb:7
Redirected to http://localhost:3000/session/new
Filter chain halted as :redirect_if_not_logged_in rendered or redirected
Completed 302 Found in 21ms (ActiveRecord: 3.5ms)


Started GET "/session/new" for ::1 at 2020-07-17 16:37:15 -0500
Processing by SessionsController#new as HTML
  [1m[36mUser Load (0.3ms)[0m  [1m[34mSELECT  "users".* FROM "users" WHERE "users"."session_token" IS NULL LIMIT $1[0m  [["LIMIT", 1]]
  ↳ app/controllers/application_controller.rb:7
  Rendering sessions/new.html.erb within layouts/application
  Rendered shared/_user_form.html.erb (8.2ms)
  Rendered sessions/new.html.erb within layouts/application (13.3ms)
Completed 500 Internal Server Error in 38ms (ActiveRecord: 4.7ms)



ActionView::Template::Error - Missing partial shared/_erros with {:locale=>[:en], :formats=>[:html], :variants=>[], :handlers=>[:raw, :erb, :html, :builder, :ruby, :coffee, :jbuilder]}. Searched in:
  * "/Users/fedhiigobena/Documents/Coding/App_Academy/React/Middleware and Thunks/Todo_App/app/views"
:
  app/views/shared/_user_form.html.erb:2:in `view template'
  app/views/sessions/new.html.erb:4:in `_app_views_sessions_new_html_erb__2683246714262839814_70287624529380'

Started POST "/__better_errors/dd834c7da091b080/variables" for ::1 at 2020-07-17 16:37:15 -0500
Started GET "/session/new" for ::1 at 2020-07-17 16:38:31 -0500
Processing by SessionsController#new as HTML
  [1m[36mUser Load (0.4ms)[0m  [1m[34mSELECT  "users".* FROM "users" WHERE "users"."session_token" IS NULL LIMIT $1[0m  [["LIMIT", 1]]
  ↳ app/controllers/application_controller.rb:7
  Rendering sessions/new.html.erb within layouts/application
  Rendered shared/_user_form.html.erb (5.2ms)
  Rendered sessions/new.html.erb within layouts/application (11.2ms)
Completed 500 Internal Server Error in 65ms (ActiveRecord: 0.4ms)



ActionView::Template::Error - Missing partial shared/_erros with {:locale=>[:en], :formats=>[:html], :variants=>[], :handlers=>[:raw, :erb, :html, :builder, :ruby, :coffee, :jbuilder]}. Searched in:
  * "/Users/fedhiigobena/Documents/Coding/App_Academy/React/Middleware and Thunks/Todo_App/app/views"
:
  app/views/shared/_user_form.html.erb:2:in `view template'
  app/views/sessions/new.html.erb:4:in `_app_views_sessions_new_html_erb__2683246714262839814_70287655556880'

Started POST "/__better_errors/10c83037ff2b7cb0/variables" for ::1 at 2020-07-17 16:38:32 -0500
Started POST "/__better_errors/10c83037ff2b7cb0/variables" for ::1 at 2020-07-17 16:39:03 -0500
Started GET "/session/new" for ::1 at 2020-07-17 16:39:22 -0500
Processing by SessionsController#new as HTML
  [1m[36mUser Load (0.4ms)[0m  [1m[34mSELECT  "users".* FROM "users" WHERE "users"."session_token" IS NULL LIMIT $1[0m  [["LIMIT", 1]]
  ↳ app/controllers/application_controller.rb:7
  Rendering sessions/new.html.erb within layouts/application
  Rendered shared/_user_form.html.erb (6.9ms)
  Rendered sessions/new.html.erb within layouts/application (11.6ms)
Completed 500 Internal Server Error in 31ms (ActiveRecord: 0.4ms)



ActionView::Template::Error - Missing partial shared/_erros with {:locale=>[:en], :formats=>[:html], :variants=>[], :handlers=>[:raw, :erb, :html, :builder, :ruby, :coffee, :jbuilder]}. Searched in:
  * "/Users/fedhiigobena/Documents/Coding/App_Academy/React/Middleware and Thunks/Todo_App/app/views"
:
  app/views/shared/_user_form.html.erb:2:in `view template'
  app/views/sessions/new.html.erb:4:in `_app_views_sessions_new_html_erb__2683246714262839814_70287668806680'

Started POST "/__better_errors/eb94b396e82e8c47/variables" for ::1 at 2020-07-17 16:39:22 -0500
Started GET "/session/new" for ::1 at 2020-07-17 16:39:43 -0500
Processing by SessionsController#new as HTML
  [1m[36mUser Load (0.4ms)[0m  [1m[34mSELECT  "users".* FROM "users" WHERE "users"."session_token" IS NULL LIMIT $1[0m  [["LIMIT", 1]]
  ↳ app/controllers/application_controller.rb:7
  Rendering sessions/new.html.erb within layouts/application
  Rendered shared/_errors.html.erb (0.4ms)
  Rendered shared/_errors.html.erb (0.0ms)
  Rendered shared/_errors.html.erb (0.0ms)
  Rendered shared/_user_form.html.erb (10.3ms)
  Rendered sessions/new.html.erb within layouts/application (13.2ms)
  [1m[36mCACHE User Load (0.0ms)[0m  [1m[34mSELECT  "users".* FROM "users" WHERE "users"."session_token" IS NULL LIMIT $1[0m  [["LIMIT", 1]]
  ↳ app/controllers/application_controller.rb:7
Completed 200 OK in 229ms (Views: 223.2ms | ActiveRecord: 0.4ms)


Started GET "/users/new" for ::1 at 2020-07-17 16:39:49 -0500
Processing by UsersController#new as HTML
  Rendering users/new.html.erb within layouts/application
  Rendered shared/_errors.html.erb (0.4ms)
  Rendered shared/_errors.html.erb (0.0ms)
  Rendered shared/_errors.html.erb (0.0ms)
  Rendered shared/_user_form.html.erb (8.5ms)
  Rendered users/new.html.erb within layouts/application (11.3ms)
  [1m[36mUser Load (0.3ms)[0m  [1m[34mSELECT  "users".* FROM "users" WHERE "users"."session_token" IS NULL LIMIT $1[0m  [["LIMIT", 1]]
  ↳ app/controllers/application_controller.rb:7
Completed 200 OK in 34ms (Views: 29.0ms | ActiveRecord: 0.3ms)


Started GET "/session/new" for ::1 at 2020-07-17 16:39:55 -0500
Processing by SessionsController#new as HTML
  [1m[36mUser Load (0.2ms)[0m  [1m[34mSELECT  "users".* FROM "users" WHERE "users"."session_token" IS NULL LIMIT $1[0m  [["LIMIT", 1]]
  ↳ app/controllers/application_controller.rb:7
  Rendering sessions/new.html.erb within layouts/application
  Rendered shared/_errors.html.erb (0.3ms)
  Rendered shared/_errors.html.erb (0.0ms)
  Rendered shared/_errors.html.erb (0.0ms)
  Rendered shared/_user_form.html.erb (7.7ms)
  Rendered sessions/new.html.erb within layouts/application (11.9ms)
  [1m[36mCACHE User Load (0.0ms)[0m  [1m[34mSELECT  "users".* FROM "users" WHERE "users"."session_token" IS NULL LIMIT $1[0m  [["LIMIT", 1]]
  ↳ app/controllers/application_controller.rb:7
Completed 200 OK in 32ms (Views: 28.8ms | ActiveRecord: 0.2ms)


Started GET "/users/new" for ::1 at 2020-07-17 16:39:59 -0500
Processing by UsersController#new as HTML
  Rendering users/new.html.erb within layouts/application
  Rendered shared/_errors.html.erb (0.3ms)
  Rendered shared/_errors.html.erb (0.0ms)
  Rendered shared/_errors.html.erb (0.0ms)
  Rendered shared/_user_form.html.erb (8.1ms)
  Rendered users/new.html.erb within layouts/application (11.7ms)
  [1m[36mUser Load (0.3ms)[0m  [1m[34mSELECT  "users".* FROM "users" WHERE "users"."session_token" IS NULL LIMIT $1[0m  [["LIMIT", 1]]
  ↳ app/controllers/application_controller.rb:7
Completed 200 OK in 37ms (Views: 33.1ms | ActiveRecord: 0.3ms)


Started POST "/users" for ::1 at 2020-07-17 16:40:04 -0500
Processing by UsersController#create as HTML
  Parameters: {"authenticity_token"=>"zqtCH4ukrzsPaApA4NTFxNT1P6wUJ+eYQpIQHbW54xsMDzTiKy+73V+XJo6VDqTCw10sVUp/3q/eDRIRU9bo9g==", "user"=>{"username"=>"Fedhii", "password"=>"[FILTERED]"}}
Completed 500 Internal Server Error in 3ms (ActiveRecord: 0.0ms)



NameError - uninitialized constant User::BCrypt:
  app/models/user.rb:27:in `password='
  app/controllers/users_controller.rb:8:in `create'

Started POST "/__better_errors/4e0ef7d869b148bc/variables" for ::1 at 2020-07-17 16:40:04 -0500
